<?xml version="1.0" encoding="UTF-8"?>
<testng-results skipped="0" failed="0" ignored="0" total="1" passed="1">
  <reporter-output>
  </reporter-output>
  <suite name="Default suite" duration-ms="10578" started-at="2018-01-03T17:07:42Z" finished-at="2018-01-03T17:07:52Z">
    <groups>
    </groups>
    <test name="Default test" duration-ms="10578" started-at="2018-01-03T17:07:42Z" finished-at="2018-01-03T17:07:52Z">
      <class name="Selenium.Example">
        <test-method status="PASS" signature="main()[pri:0, instance:Selenium.Example@37d31475]" name="main" duration-ms="10548" started-at="2018-01-03T22:37:42Z" finished-at="2018-01-03T22:37:52Z">
          <reporter-output>
          </reporter-output>
        </test-method> <!-- main -->
      </class> <!-- Selenium.Example -->
    </test> <!-- Default test -->
  </suite> <!-- Default suite -->
</testng-results>
